[2024-01-06T21:12:44.499+0000] {logging_mixin.py:188} INFO - Changing /opt/***/logs/dag_id=tutorial/run_id=manual__2024-01-06T21:12:23.063413+00:00/task_id=templated permission to 509
[2024-01-06T21:12:44.550+0000] {logging_mixin.py:188} INFO - Failed to change /opt/***/logs/dag_id=tutorial/run_id=manual__2024-01-06T21:12:23.063413+00:00/task_id=templated permission to 509: [Errno 1] Operation not permitted: '/opt/***/logs/dag_id=tutorial/run_id=manual__2024-01-06T21:12:23.063413+00:00/task_id=templated'
[2024-01-06T21:12:44.965+0000] {logging_mixin.py:188} INFO - Changing /opt/***/logs/dag_id=tutorial/run_id=manual__2024-01-06T21:12:23.063413+00:00/task_id=templated permission to 509
[2024-01-06T21:12:44.976+0000] {logging_mixin.py:188} INFO - Failed to change /opt/***/logs/dag_id=tutorial/run_id=manual__2024-01-06T21:12:23.063413+00:00/task_id=templated permission to 509: [Errno 1] Operation not permitted: '/opt/***/logs/dag_id=tutorial/run_id=manual__2024-01-06T21:12:23.063413+00:00/task_id=templated'
[2024-01-06T21:12:45.344+0000] {taskinstance.py:1957} INFO - Dependencies all met for dep_context=non-requeueable deps ti=<TaskInstance: tutorial.templated manual__2024-01-06T21:12:23.063413+00:00 [queued]>
[2024-01-06T21:12:45.481+0000] {taskinstance.py:1957} INFO - Dependencies all met for dep_context=requeueable deps ti=<TaskInstance: tutorial.templated manual__2024-01-06T21:12:23.063413+00:00 [queued]>
[2024-01-06T21:12:45.491+0000] {taskinstance.py:2171} INFO - Starting attempt 1 of 2
[2024-01-06T21:12:45.643+0000] {taskinstance.py:2192} INFO - Executing <Task(BashOperator): templated> on 2024-01-06 21:12:23.063413+00:00
[2024-01-06T21:12:45.710+0000] {standard_task_runner.py:60} INFO - Started process 114 to run task
[2024-01-06T21:12:45.903+0000] {standard_task_runner.py:87} INFO - Running: ['***', 'tasks', 'run', 'tutorial', 'templated', 'manual__2024-01-06T21:12:23.063413+00:00', '--job-id', '12', '--raw', '--subdir', 'DAGS_FOLDER/test.py', '--cfg-path', '/tmp/tmpio01r5nn']
[2024-01-06T21:12:45.922+0000] {standard_task_runner.py:88} INFO - Job 12: Subtask templated
[2024-01-06T21:12:47.996+0000] {logging_mixin.py:188} INFO - Changing /opt/***/logs/dag_id=tutorial/run_id=manual__2024-01-06T21:12:23.063413+00:00/task_id=templated permission to 509
[2024-01-06T21:12:48.000+0000] {logging_mixin.py:188} INFO - Failed to change /opt/***/logs/dag_id=tutorial/run_id=manual__2024-01-06T21:12:23.063413+00:00/task_id=templated permission to 509: [Errno 1] Operation not permitted: '/opt/***/logs/dag_id=tutorial/run_id=manual__2024-01-06T21:12:23.063413+00:00/task_id=templated'
[2024-01-06T21:12:48.018+0000] {task_command.py:423} INFO - Running <TaskInstance: tutorial.templated manual__2024-01-06T21:12:23.063413+00:00 [running]> on host cef12f6ceba1
[2024-01-06T21:12:48.440+0000] {taskinstance.py:2481} INFO - Exporting env vars: AIRFLOW_CTX_DAG_EMAIL='***@example.com' AIRFLOW_CTX_DAG_OWNER='***' AIRFLOW_CTX_DAG_ID='tutorial' AIRFLOW_CTX_TASK_ID='templated' AIRFLOW_CTX_EXECUTION_DATE='2024-01-06T21:12:23.063413+00:00' AIRFLOW_CTX_TRY_NUMBER='1' AIRFLOW_CTX_DAG_RUN_ID='manual__2024-01-06T21:12:23.063413+00:00'
[2024-01-06T21:12:48.445+0000] {subprocess.py:63} INFO - Tmp dir root location: /tmp
[2024-01-06T21:12:48.447+0000] {subprocess.py:75} INFO - Running command: ['/usr/bin/bash', '-c', '\n\n    echo "2024-01-06"\n    echo "2024-01-13"\n    echo "Parameter I passed in"\n\n    echo "2024-01-06"\n    echo "2024-01-13"\n    echo "Parameter I passed in"\n\n    echo "2024-01-06"\n    echo "2024-01-13"\n    echo "Parameter I passed in"\n\n    echo "2024-01-06"\n    echo "2024-01-13"\n    echo "Parameter I passed in"\n\n    echo "2024-01-06"\n    echo "2024-01-13"\n    echo "Parameter I passed in"\n']
[2024-01-06T21:12:48.476+0000] {subprocess.py:86} INFO - Output:
[2024-01-06T21:12:48.479+0000] {subprocess.py:93} INFO - 2024-01-06
[2024-01-06T21:12:48.481+0000] {subprocess.py:93} INFO - 2024-01-13
[2024-01-06T21:12:48.484+0000] {subprocess.py:93} INFO - Parameter I passed in
[2024-01-06T21:12:48.486+0000] {subprocess.py:93} INFO - 2024-01-06
[2024-01-06T21:12:48.488+0000] {subprocess.py:93} INFO - 2024-01-13
[2024-01-06T21:12:48.489+0000] {subprocess.py:93} INFO - Parameter I passed in
[2024-01-06T21:12:48.490+0000] {subprocess.py:93} INFO - 2024-01-06
[2024-01-06T21:12:48.492+0000] {subprocess.py:93} INFO - 2024-01-13
[2024-01-06T21:12:48.493+0000] {subprocess.py:93} INFO - Parameter I passed in
[2024-01-06T21:12:48.494+0000] {subprocess.py:93} INFO - 2024-01-06
[2024-01-06T21:12:48.495+0000] {subprocess.py:93} INFO - 2024-01-13
[2024-01-06T21:12:48.496+0000] {subprocess.py:93} INFO - Parameter I passed in
[2024-01-06T21:12:48.497+0000] {subprocess.py:93} INFO - 2024-01-06
[2024-01-06T21:12:48.498+0000] {subprocess.py:93} INFO - 2024-01-13
[2024-01-06T21:12:48.499+0000] {subprocess.py:93} INFO - Parameter I passed in
[2024-01-06T21:12:48.501+0000] {subprocess.py:97} INFO - Command exited with return code 0
[2024-01-06T21:12:48.574+0000] {taskinstance.py:1138} INFO - Marking task as SUCCESS. dag_id=tutorial, task_id=templated, execution_date=20240106T211223, start_date=20240106T211245, end_date=20240106T211248
[2024-01-06T21:12:48.654+0000] {local_task_job_runner.py:234} INFO - Task exited with return code 0
[2024-01-06T21:12:48.719+0000] {taskinstance.py:3281} INFO - 0 downstream tasks scheduled from follow-on schedule check
