[2024-01-06T21:12:36.921+0000] {logging_mixin.py:188} INFO - Changing /opt/***/logs/dag_id=tutorial/run_id=manual__2024-01-06T21:12:23.063413+00:00/task_id=print_date permission to 509
[2024-01-06T21:12:36.935+0000] {logging_mixin.py:188} INFO - Failed to change /opt/***/logs/dag_id=tutorial/run_id=manual__2024-01-06T21:12:23.063413+00:00/task_id=print_date permission to 509: [Errno 1] Operation not permitted: '/opt/***/logs/dag_id=tutorial/run_id=manual__2024-01-06T21:12:23.063413+00:00/task_id=print_date'
[2024-01-06T21:12:37.098+0000] {logging_mixin.py:188} INFO - Changing /opt/***/logs/dag_id=tutorial/run_id=manual__2024-01-06T21:12:23.063413+00:00/task_id=print_date permission to 509
[2024-01-06T21:12:37.101+0000] {logging_mixin.py:188} INFO - Failed to change /opt/***/logs/dag_id=tutorial/run_id=manual__2024-01-06T21:12:23.063413+00:00/task_id=print_date permission to 509: [Errno 1] Operation not permitted: '/opt/***/logs/dag_id=tutorial/run_id=manual__2024-01-06T21:12:23.063413+00:00/task_id=print_date'
[2024-01-06T21:12:37.240+0000] {taskinstance.py:1957} INFO - Dependencies all met for dep_context=non-requeueable deps ti=<TaskInstance: tutorial.print_date manual__2024-01-06T21:12:23.063413+00:00 [queued]>
[2024-01-06T21:12:37.274+0000] {taskinstance.py:1957} INFO - Dependencies all met for dep_context=requeueable deps ti=<TaskInstance: tutorial.print_date manual__2024-01-06T21:12:23.063413+00:00 [queued]>
[2024-01-06T21:12:37.277+0000] {taskinstance.py:2171} INFO - Starting attempt 1 of 2
[2024-01-06T21:12:37.335+0000] {taskinstance.py:2192} INFO - Executing <Task(BashOperator): print_date> on 2024-01-06 21:12:23.063413+00:00
[2024-01-06T21:12:37.356+0000] {standard_task_runner.py:60} INFO - Started process 103 to run task
[2024-01-06T21:12:37.367+0000] {standard_task_runner.py:87} INFO - Running: ['***', 'tasks', 'run', 'tutorial', 'print_date', 'manual__2024-01-06T21:12:23.063413+00:00', '--job-id', '7', '--raw', '--subdir', 'DAGS_FOLDER/test.py', '--cfg-path', '/tmp/tmp70k809t3']
[2024-01-06T21:12:37.378+0000] {standard_task_runner.py:88} INFO - Job 7: Subtask print_date
[2024-01-06T21:12:37.566+0000] {logging_mixin.py:188} INFO - Changing /opt/***/logs/dag_id=tutorial/run_id=manual__2024-01-06T21:12:23.063413+00:00/task_id=print_date permission to 509
[2024-01-06T21:12:37.569+0000] {logging_mixin.py:188} INFO - Failed to change /opt/***/logs/dag_id=tutorial/run_id=manual__2024-01-06T21:12:23.063413+00:00/task_id=print_date permission to 509: [Errno 1] Operation not permitted: '/opt/***/logs/dag_id=tutorial/run_id=manual__2024-01-06T21:12:23.063413+00:00/task_id=print_date'
[2024-01-06T21:12:37.598+0000] {task_command.py:423} INFO - Running <TaskInstance: tutorial.print_date manual__2024-01-06T21:12:23.063413+00:00 [running]> on host cef12f6ceba1
[2024-01-06T21:12:38.038+0000] {taskinstance.py:2481} INFO - Exporting env vars: AIRFLOW_CTX_DAG_EMAIL='***@example.com' AIRFLOW_CTX_DAG_OWNER='***' AIRFLOW_CTX_DAG_ID='tutorial' AIRFLOW_CTX_TASK_ID='print_date' AIRFLOW_CTX_EXECUTION_DATE='2024-01-06T21:12:23.063413+00:00' AIRFLOW_CTX_TRY_NUMBER='1' AIRFLOW_CTX_DAG_RUN_ID='manual__2024-01-06T21:12:23.063413+00:00'
[2024-01-06T21:12:38.055+0000] {subprocess.py:63} INFO - Tmp dir root location: /tmp
[2024-01-06T21:12:38.058+0000] {subprocess.py:75} INFO - Running command: ['/usr/bin/bash', '-c', 'date']
[2024-01-06T21:12:38.121+0000] {subprocess.py:86} INFO - Output:
[2024-01-06T21:12:38.136+0000] {subprocess.py:93} INFO - Sat Jan  6 21:12:38 UTC 2024
[2024-01-06T21:12:38.140+0000] {subprocess.py:97} INFO - Command exited with return code 0
[2024-01-06T21:12:38.315+0000] {taskinstance.py:1138} INFO - Marking task as SUCCESS. dag_id=tutorial, task_id=print_date, execution_date=20240106T211223, start_date=20240106T211237, end_date=20240106T211238
[2024-01-06T21:12:38.471+0000] {local_task_job_runner.py:234} INFO - Task exited with return code 0
[2024-01-06T21:12:38.633+0000] {taskinstance.py:3281} INFO - 2 downstream tasks scheduled from follow-on schedule check
