[2024-01-06T21:12:43.025+0000] {logging_mixin.py:188} INFO - Changing /opt/***/logs/dag_id=tutorial/run_id=manual__2024-01-06T21:12:23.063413+00:00/task_id=sleep permission to 509
[2024-01-06T21:12:43.029+0000] {logging_mixin.py:188} INFO - Failed to change /opt/***/logs/dag_id=tutorial/run_id=manual__2024-01-06T21:12:23.063413+00:00/task_id=sleep permission to 509: [Errno 1] Operation not permitted: '/opt/***/logs/dag_id=tutorial/run_id=manual__2024-01-06T21:12:23.063413+00:00/task_id=sleep'
[2024-01-06T21:12:43.262+0000] {logging_mixin.py:188} INFO - Changing /opt/***/logs/dag_id=tutorial/run_id=manual__2024-01-06T21:12:23.063413+00:00/task_id=sleep permission to 509
[2024-01-06T21:12:43.264+0000] {logging_mixin.py:188} INFO - Failed to change /opt/***/logs/dag_id=tutorial/run_id=manual__2024-01-06T21:12:23.063413+00:00/task_id=sleep permission to 509: [Errno 1] Operation not permitted: '/opt/***/logs/dag_id=tutorial/run_id=manual__2024-01-06T21:12:23.063413+00:00/task_id=sleep'
[2024-01-06T21:12:43.497+0000] {taskinstance.py:1957} INFO - Dependencies all met for dep_context=non-requeueable deps ti=<TaskInstance: tutorial.sleep manual__2024-01-06T21:12:23.063413+00:00 [queued]>
[2024-01-06T21:12:43.557+0000] {taskinstance.py:1957} INFO - Dependencies all met for dep_context=requeueable deps ti=<TaskInstance: tutorial.sleep manual__2024-01-06T21:12:23.063413+00:00 [queued]>
[2024-01-06T21:12:43.560+0000] {taskinstance.py:2171} INFO - Starting attempt 1 of 4
[2024-01-06T21:12:43.658+0000] {taskinstance.py:2192} INFO - Executing <Task(BashOperator): sleep> on 2024-01-06 21:12:23.063413+00:00
[2024-01-06T21:12:43.682+0000] {standard_task_runner.py:60} INFO - Started process 111 to run task
[2024-01-06T21:12:43.698+0000] {standard_task_runner.py:87} INFO - Running: ['***', 'tasks', 'run', 'tutorial', 'sleep', 'manual__2024-01-06T21:12:23.063413+00:00', '--job-id', '9', '--raw', '--subdir', 'DAGS_FOLDER/test.py', '--cfg-path', '/tmp/tmpxih9g2ql']
[2024-01-06T21:12:43.705+0000] {standard_task_runner.py:88} INFO - Job 9: Subtask sleep
[2024-01-06T21:12:44.148+0000] {logging_mixin.py:188} INFO - Changing /opt/***/logs/dag_id=tutorial/run_id=manual__2024-01-06T21:12:23.063413+00:00/task_id=sleep permission to 509
[2024-01-06T21:12:44.155+0000] {logging_mixin.py:188} INFO - Failed to change /opt/***/logs/dag_id=tutorial/run_id=manual__2024-01-06T21:12:23.063413+00:00/task_id=sleep permission to 509: [Errno 1] Operation not permitted: '/opt/***/logs/dag_id=tutorial/run_id=manual__2024-01-06T21:12:23.063413+00:00/task_id=sleep'
[2024-01-06T21:12:44.178+0000] {task_command.py:423} INFO - Running <TaskInstance: tutorial.sleep manual__2024-01-06T21:12:23.063413+00:00 [running]> on host cef12f6ceba1
[2024-01-06T21:12:46.006+0000] {taskinstance.py:2481} INFO - Exporting env vars: AIRFLOW_CTX_DAG_EMAIL='***@example.com' AIRFLOW_CTX_DAG_OWNER='***' AIRFLOW_CTX_DAG_ID='tutorial' AIRFLOW_CTX_TASK_ID='sleep' AIRFLOW_CTX_EXECUTION_DATE='2024-01-06T21:12:23.063413+00:00' AIRFLOW_CTX_TRY_NUMBER='1' AIRFLOW_CTX_DAG_RUN_ID='manual__2024-01-06T21:12:23.063413+00:00'
[2024-01-06T21:12:46.029+0000] {subprocess.py:63} INFO - Tmp dir root location: /tmp
[2024-01-06T21:12:46.049+0000] {subprocess.py:75} INFO - Running command: ['/usr/bin/bash', '-c', 'sleep 5']
[2024-01-06T21:12:46.193+0000] {subprocess.py:86} INFO - Output:
[2024-01-06T21:12:51.217+0000] {subprocess.py:97} INFO - Command exited with return code 0
[2024-01-06T21:12:51.280+0000] {taskinstance.py:1138} INFO - Marking task as SUCCESS. dag_id=tutorial, task_id=sleep, execution_date=20240106T211223, start_date=20240106T211243, end_date=20240106T211251
[2024-01-06T21:12:51.350+0000] {local_task_job_runner.py:234} INFO - Task exited with return code 0
[2024-01-06T21:12:51.385+0000] {taskinstance.py:3281} INFO - 0 downstream tasks scheduled from follow-on schedule check
