[2024-01-06T21:12:44.140+0000] {logging_mixin.py:188} INFO - Changing /opt/***/logs/dag_id=tutorial/run_id=scheduled__2024-01-05T00:00:00+00:00/task_id=sleep permission to 509
[2024-01-06T21:12:44.176+0000] {logging_mixin.py:188} INFO - Failed to change /opt/***/logs/dag_id=tutorial/run_id=scheduled__2024-01-05T00:00:00+00:00/task_id=sleep permission to 509: [Errno 1] Operation not permitted: '/opt/***/logs/dag_id=tutorial/run_id=scheduled__2024-01-05T00:00:00+00:00/task_id=sleep'
[2024-01-06T21:12:44.532+0000] {logging_mixin.py:188} INFO - Changing /opt/***/logs/dag_id=tutorial/run_id=scheduled__2024-01-05T00:00:00+00:00/task_id=sleep permission to 509
[2024-01-06T21:12:44.548+0000] {logging_mixin.py:188} INFO - Failed to change /opt/***/logs/dag_id=tutorial/run_id=scheduled__2024-01-05T00:00:00+00:00/task_id=sleep permission to 509: [Errno 1] Operation not permitted: '/opt/***/logs/dag_id=tutorial/run_id=scheduled__2024-01-05T00:00:00+00:00/task_id=sleep'
[2024-01-06T21:12:45.103+0000] {taskinstance.py:1957} INFO - Dependencies all met for dep_context=non-requeueable deps ti=<TaskInstance: tutorial.sleep scheduled__2024-01-05T00:00:00+00:00 [queued]>
[2024-01-06T21:12:45.188+0000] {taskinstance.py:1957} INFO - Dependencies all met for dep_context=requeueable deps ti=<TaskInstance: tutorial.sleep scheduled__2024-01-05T00:00:00+00:00 [queued]>
[2024-01-06T21:12:45.193+0000] {taskinstance.py:2171} INFO - Starting attempt 1 of 4
[2024-01-06T21:12:45.300+0000] {taskinstance.py:2192} INFO - Executing <Task(BashOperator): sleep> on 2024-01-05 00:00:00+00:00
[2024-01-06T21:12:45.364+0000] {standard_task_runner.py:60} INFO - Started process 113 to run task
[2024-01-06T21:12:45.697+0000] {standard_task_runner.py:87} INFO - Running: ['***', 'tasks', 'run', 'tutorial', 'sleep', 'scheduled__2024-01-05T00:00:00+00:00', '--job-id', '11', '--raw', '--subdir', 'DAGS_FOLDER/test.py', '--cfg-path', '/tmp/tmpp34o_qw6']
[2024-01-06T21:12:45.710+0000] {standard_task_runner.py:88} INFO - Job 11: Subtask sleep
[2024-01-06T21:12:47.645+0000] {logging_mixin.py:188} INFO - Changing /opt/***/logs/dag_id=tutorial/run_id=scheduled__2024-01-05T00:00:00+00:00/task_id=sleep permission to 509
[2024-01-06T21:12:47.650+0000] {logging_mixin.py:188} INFO - Failed to change /opt/***/logs/dag_id=tutorial/run_id=scheduled__2024-01-05T00:00:00+00:00/task_id=sleep permission to 509: [Errno 1] Operation not permitted: '/opt/***/logs/dag_id=tutorial/run_id=scheduled__2024-01-05T00:00:00+00:00/task_id=sleep'
[2024-01-06T21:12:47.673+0000] {task_command.py:423} INFO - Running <TaskInstance: tutorial.sleep scheduled__2024-01-05T00:00:00+00:00 [running]> on host cef12f6ceba1
[2024-01-06T21:12:48.330+0000] {taskinstance.py:2481} INFO - Exporting env vars: AIRFLOW_CTX_DAG_EMAIL='***@example.com' AIRFLOW_CTX_DAG_OWNER='***' AIRFLOW_CTX_DAG_ID='tutorial' AIRFLOW_CTX_TASK_ID='sleep' AIRFLOW_CTX_EXECUTION_DATE='2024-01-05T00:00:00+00:00' AIRFLOW_CTX_TRY_NUMBER='1' AIRFLOW_CTX_DAG_RUN_ID='scheduled__2024-01-05T00:00:00+00:00'
[2024-01-06T21:12:48.336+0000] {subprocess.py:63} INFO - Tmp dir root location: /tmp
[2024-01-06T21:12:48.341+0000] {subprocess.py:75} INFO - Running command: ['/usr/bin/bash', '-c', 'sleep 5']
[2024-01-06T21:12:48.390+0000] {subprocess.py:86} INFO - Output:
[2024-01-06T21:12:53.410+0000] {subprocess.py:97} INFO - Command exited with return code 0
[2024-01-06T21:12:53.500+0000] {taskinstance.py:1138} INFO - Marking task as SUCCESS. dag_id=tutorial, task_id=sleep, execution_date=20240105T000000, start_date=20240106T211245, end_date=20240106T211253
[2024-01-06T21:12:53.585+0000] {local_task_job_runner.py:234} INFO - Task exited with return code 0
[2024-01-06T21:12:53.658+0000] {taskinstance.py:3281} INFO - 0 downstream tasks scheduled from follow-on schedule check
