[2024-01-06T21:12:43.314+0000] {logging_mixin.py:188} INFO - Changing /opt/***/logs/dag_id=tutorial/run_id=scheduled__2024-01-05T00:00:00+00:00/task_id=templated permission to 509
[2024-01-06T21:12:43.320+0000] {logging_mixin.py:188} INFO - Failed to change /opt/***/logs/dag_id=tutorial/run_id=scheduled__2024-01-05T00:00:00+00:00/task_id=templated permission to 509: [Errno 1] Operation not permitted: '/opt/***/logs/dag_id=tutorial/run_id=scheduled__2024-01-05T00:00:00+00:00/task_id=templated'
[2024-01-06T21:12:43.470+0000] {logging_mixin.py:188} INFO - Changing /opt/***/logs/dag_id=tutorial/run_id=scheduled__2024-01-05T00:00:00+00:00/task_id=templated permission to 509
[2024-01-06T21:12:43.472+0000] {logging_mixin.py:188} INFO - Failed to change /opt/***/logs/dag_id=tutorial/run_id=scheduled__2024-01-05T00:00:00+00:00/task_id=templated permission to 509: [Errno 1] Operation not permitted: '/opt/***/logs/dag_id=tutorial/run_id=scheduled__2024-01-05T00:00:00+00:00/task_id=templated'
[2024-01-06T21:12:43.663+0000] {taskinstance.py:1957} INFO - Dependencies all met for dep_context=non-requeueable deps ti=<TaskInstance: tutorial.templated scheduled__2024-01-05T00:00:00+00:00 [queued]>
[2024-01-06T21:12:43.717+0000] {taskinstance.py:1957} INFO - Dependencies all met for dep_context=requeueable deps ti=<TaskInstance: tutorial.templated scheduled__2024-01-05T00:00:00+00:00 [queued]>
[2024-01-06T21:12:43.719+0000] {taskinstance.py:2171} INFO - Starting attempt 1 of 2
[2024-01-06T21:12:43.818+0000] {taskinstance.py:2192} INFO - Executing <Task(BashOperator): templated> on 2024-01-05 00:00:00+00:00
[2024-01-06T21:12:43.853+0000] {standard_task_runner.py:60} INFO - Started process 112 to run task
[2024-01-06T21:12:43.876+0000] {standard_task_runner.py:87} INFO - Running: ['***', 'tasks', 'run', 'tutorial', 'templated', 'scheduled__2024-01-05T00:00:00+00:00', '--job-id', '10', '--raw', '--subdir', 'DAGS_FOLDER/test.py', '--cfg-path', '/tmp/tmpwely6vpg']
[2024-01-06T21:12:43.882+0000] {standard_task_runner.py:88} INFO - Job 10: Subtask templated
[2024-01-06T21:12:45.549+0000] {logging_mixin.py:188} INFO - Changing /opt/***/logs/dag_id=tutorial/run_id=scheduled__2024-01-05T00:00:00+00:00/task_id=templated permission to 509
[2024-01-06T21:12:45.561+0000] {logging_mixin.py:188} INFO - Failed to change /opt/***/logs/dag_id=tutorial/run_id=scheduled__2024-01-05T00:00:00+00:00/task_id=templated permission to 509: [Errno 1] Operation not permitted: '/opt/***/logs/dag_id=tutorial/run_id=scheduled__2024-01-05T00:00:00+00:00/task_id=templated'
[2024-01-06T21:12:45.626+0000] {task_command.py:423} INFO - Running <TaskInstance: tutorial.templated scheduled__2024-01-05T00:00:00+00:00 [running]> on host cef12f6ceba1
[2024-01-06T21:12:47.281+0000] {taskinstance.py:2481} INFO - Exporting env vars: AIRFLOW_CTX_DAG_EMAIL='***@example.com' AIRFLOW_CTX_DAG_OWNER='***' AIRFLOW_CTX_DAG_ID='tutorial' AIRFLOW_CTX_TASK_ID='templated' AIRFLOW_CTX_EXECUTION_DATE='2024-01-05T00:00:00+00:00' AIRFLOW_CTX_TRY_NUMBER='1' AIRFLOW_CTX_DAG_RUN_ID='scheduled__2024-01-05T00:00:00+00:00'
[2024-01-06T21:12:47.355+0000] {subprocess.py:63} INFO - Tmp dir root location: /tmp
[2024-01-06T21:12:47.397+0000] {subprocess.py:75} INFO - Running command: ['/usr/bin/bash', '-c', '\n\n    echo "2024-01-05"\n    echo "2024-01-12"\n    echo "Parameter I passed in"\n\n    echo "2024-01-05"\n    echo "2024-01-12"\n    echo "Parameter I passed in"\n\n    echo "2024-01-05"\n    echo "2024-01-12"\n    echo "Parameter I passed in"\n\n    echo "2024-01-05"\n    echo "2024-01-12"\n    echo "Parameter I passed in"\n\n    echo "2024-01-05"\n    echo "2024-01-12"\n    echo "Parameter I passed in"\n']
[2024-01-06T21:12:47.556+0000] {subprocess.py:86} INFO - Output:
[2024-01-06T21:12:47.562+0000] {subprocess.py:93} INFO - 2024-01-05
[2024-01-06T21:12:47.566+0000] {subprocess.py:93} INFO - 2024-01-12
[2024-01-06T21:12:47.571+0000] {subprocess.py:93} INFO - Parameter I passed in
[2024-01-06T21:12:47.573+0000] {subprocess.py:93} INFO - 2024-01-05
[2024-01-06T21:12:47.576+0000] {subprocess.py:93} INFO - 2024-01-12
[2024-01-06T21:12:47.580+0000] {subprocess.py:93} INFO - Parameter I passed in
[2024-01-06T21:12:47.582+0000] {subprocess.py:93} INFO - 2024-01-05
[2024-01-06T21:12:47.585+0000] {subprocess.py:93} INFO - 2024-01-12
[2024-01-06T21:12:47.589+0000] {subprocess.py:93} INFO - Parameter I passed in
[2024-01-06T21:12:47.592+0000] {subprocess.py:93} INFO - 2024-01-05
[2024-01-06T21:12:47.598+0000] {subprocess.py:93} INFO - 2024-01-12
[2024-01-06T21:12:47.602+0000] {subprocess.py:93} INFO - Parameter I passed in
[2024-01-06T21:12:47.607+0000] {subprocess.py:93} INFO - 2024-01-05
[2024-01-06T21:12:47.615+0000] {subprocess.py:93} INFO - 2024-01-12
[2024-01-06T21:12:47.618+0000] {subprocess.py:93} INFO - Parameter I passed in
[2024-01-06T21:12:47.622+0000] {subprocess.py:97} INFO - Command exited with return code 0
[2024-01-06T21:12:47.915+0000] {taskinstance.py:1138} INFO - Marking task as SUCCESS. dag_id=tutorial, task_id=templated, execution_date=20240105T000000, start_date=20240106T211243, end_date=20240106T211247
[2024-01-06T21:12:48.031+0000] {local_task_job_runner.py:234} INFO - Task exited with return code 0
[2024-01-06T21:12:48.098+0000] {taskinstance.py:3281} INFO - 0 downstream tasks scheduled from follow-on schedule check
